0 info it worked if it ends with ok
1 verbose cli [ '/usr/local/bin/node',
1 verbose cli   '/usr/local/bin/npm',
1 verbose cli   'i',
1 verbose cli   '-g',
1 verbose cli   'bower',
1 verbose cli   'to',
1 verbose cli   'update' ]
2 info using npm@2.15.8
3 info using node@v4.4.7
4 verbose install initial load of /usr/local/lib/package.json
5 verbose readDependencies loading dependencies from /usr/local/lib/package.json
6 silly cache add args [ 'bower', null ]
7 verbose cache add spec bower
8 silly cache add args [ 'to', null ]
9 verbose cache add spec to
10 silly cache add args [ 'update', null ]
11 verbose cache add spec update
12 silly cache add parsed spec Result {
12 silly cache add   raw: 'bower',
12 silly cache add   scope: null,
12 silly cache add   name: 'bower',
12 silly cache add   rawSpec: '',
12 silly cache add   spec: 'latest',
12 silly cache add   type: 'tag' }
13 silly addNamed bower@latest
14 verbose addNamed "latest" is being treated as a dist-tag for bower
15 info addNameTag [ 'bower', 'latest' ]
16 silly mapToRegistry name bower
17 silly mapToRegistry using default registry
18 silly mapToRegistry registry https://registry.npmjs.org/
19 silly mapToRegistry data Result {
19 silly mapToRegistry   raw: 'bower',
19 silly mapToRegistry   scope: null,
19 silly mapToRegistry   name: 'bower',
19 silly mapToRegistry   rawSpec: '',
19 silly mapToRegistry   spec: 'latest',
19 silly mapToRegistry   type: 'tag' }
20 silly mapToRegistry uri https://registry.npmjs.org/bower
21 verbose addNameTag registry:https://registry.npmjs.org/bower not in flight; fetching
22 silly cache add parsed spec Result {
22 silly cache add   raw: 'to',
22 silly cache add   scope: null,
22 silly cache add   name: 'to',
22 silly cache add   rawSpec: '',
22 silly cache add   spec: 'latest',
22 silly cache add   type: 'tag' }
23 silly addNamed to@latest
24 verbose addNamed "latest" is being treated as a dist-tag for to
25 info addNameTag [ 'to', 'latest' ]
26 silly mapToRegistry name to
27 silly mapToRegistry using default registry
28 silly mapToRegistry registry https://registry.npmjs.org/
29 silly mapToRegistry data Result {
29 silly mapToRegistry   raw: 'to',
29 silly mapToRegistry   scope: null,
29 silly mapToRegistry   name: 'to',
29 silly mapToRegistry   rawSpec: '',
29 silly mapToRegistry   spec: 'latest',
29 silly mapToRegistry   type: 'tag' }
30 silly mapToRegistry uri https://registry.npmjs.org/to
31 verbose addNameTag registry:https://registry.npmjs.org/to not in flight; fetching
32 silly cache add parsed spec Result {
32 silly cache add   raw: 'update',
32 silly cache add   scope: null,
32 silly cache add   name: 'update',
32 silly cache add   rawSpec: '',
32 silly cache add   spec: 'latest',
32 silly cache add   type: 'tag' }
33 silly addNamed update@latest
34 verbose addNamed "latest" is being treated as a dist-tag for update
35 info addNameTag [ 'update', 'latest' ]
36 silly mapToRegistry name update
37 silly mapToRegistry using default registry
38 silly mapToRegistry registry https://registry.npmjs.org/
39 silly mapToRegistry data Result {
39 silly mapToRegistry   raw: 'update',
39 silly mapToRegistry   scope: null,
39 silly mapToRegistry   name: 'update',
39 silly mapToRegistry   rawSpec: '',
39 silly mapToRegistry   spec: 'latest',
39 silly mapToRegistry   type: 'tag' }
40 silly mapToRegistry uri https://registry.npmjs.org/update
41 verbose addNameTag registry:https://registry.npmjs.org/update not in flight; fetching
42 verbose request uri https://registry.npmjs.org/bower
43 verbose request no auth needed
44 info attempt registry request try #1 at 12:45:55 AM
45 verbose request id 7f2f2278dab76c68
46 verbose etag W/"5871c2e5-2acd7"
47 verbose lastModified Sun, 08 Jan 2017 04:41:09 GMT
48 http request GET https://registry.npmjs.org/bower
49 verbose request uri https://registry.npmjs.org/to
50 verbose request no auth needed
51 info attempt registry request try #1 at 12:45:55 AM
52 verbose etag W/"50c7f037-91a2"
53 verbose lastModified Wed, 12 Dec 2012 02:47:19 GMT
54 http request GET https://registry.npmjs.org/to
55 verbose request uri https://registry.npmjs.org/update
56 verbose request no auth needed
57 info attempt registry request try #1 at 12:45:55 AM
58 verbose etag W/"57c7b27a-14d17"
59 verbose lastModified Thu, 01 Sep 2016 04:45:46 GMT
60 http request GET https://registry.npmjs.org/update
61 http 304 https://registry.npmjs.org/to
62 verbose headers { date: 'Mon, 12 Jun 2017 19:15:56 GMT',
62 verbose headers   via: '1.1 varnish',
62 verbose headers   'cache-control': 'max-age=300',
62 verbose headers   etag: 'W/"50c7f037-91a2"',
62 verbose headers   age: '0',
62 verbose headers   connection: 'keep-alive',
62 verbose headers   'x-served-by': 'cache-sin18021-SIN',
62 verbose headers   'x-cache': 'MISS',
62 verbose headers   'x-cache-hits': '0',
62 verbose headers   'x-timer': 'S1497294957.505081,VS0,VE138',
62 verbose headers   vary: 'Accept-Encoding' }
63 silly get cb [ 304,
63 silly get   { date: 'Mon, 12 Jun 2017 19:15:56 GMT',
63 silly get     via: '1.1 varnish',
63 silly get     'cache-control': 'max-age=300',
63 silly get     etag: 'W/"50c7f037-91a2"',
63 silly get     age: '0',
63 silly get     connection: 'keep-alive',
63 silly get     'x-served-by': 'cache-sin18021-SIN',
63 silly get     'x-cache': 'MISS',
63 silly get     'x-cache-hits': '0',
63 silly get     'x-timer': 'S1497294957.505081,VS0,VE138',
63 silly get     vary: 'Accept-Encoding' } ]
64 verbose etag https://registry.npmjs.org/to from cache
65 verbose get saving to to /Users/Stephenie/.npm/registry.npmjs.org/to/.cache.json
66 verbose correctMkdir /Users/Stephenie/.npm correctMkdir not in flight; initializing
67 http 200 https://registry.npmjs.org/bower
68 verbose headers { server: 'nginx/1.10.3',
68 verbose headers   'content-type': 'application/json',
68 verbose headers   'last-modified': 'Mon, 12 Jun 2017 15:09:51 GMT',
68 verbose headers   etag: 'W/"593eaebf-314b0"',
68 verbose headers   'content-encoding': 'gzip',
68 verbose headers   'cache-control': 'max-age=300',
68 verbose headers   'content-length': '17226',
68 verbose headers   'accept-ranges': 'bytes',
68 verbose headers   date: 'Mon, 12 Jun 2017 19:15:56 GMT',
68 verbose headers   via: '1.1 varnish',
68 verbose headers   age: '250',
68 verbose headers   connection: 'keep-alive',
68 verbose headers   'x-served-by': 'cache-sin18025-SIN',
68 verbose headers   'x-cache': 'HIT',
68 verbose headers   'x-cache-hits': '1',
68 verbose headers   'x-timer': 'S1497294957.535898,VS0,VE2',
68 verbose headers   vary: 'Accept-Encoding' }
69 silly get cb [ 200,
69 silly get   { server: 'nginx/1.10.3',
69 silly get     'content-type': 'application/json',
69 silly get     'last-modified': 'Mon, 12 Jun 2017 15:09:51 GMT',
69 silly get     etag: 'W/"593eaebf-314b0"',
69 silly get     'content-encoding': 'gzip',
69 silly get     'cache-control': 'max-age=300',
69 silly get     'content-length': '17226',
69 silly get     'accept-ranges': 'bytes',
69 silly get     date: 'Mon, 12 Jun 2017 19:15:56 GMT',
69 silly get     via: '1.1 varnish',
69 silly get     age: '250',
69 silly get     connection: 'keep-alive',
69 silly get     'x-served-by': 'cache-sin18025-SIN',
69 silly get     'x-cache': 'HIT',
69 silly get     'x-cache-hits': '1',
69 silly get     'x-timer': 'S1497294957.535898,VS0,VE2',
69 silly get     vary: 'Accept-Encoding' } ]
70 verbose get saving bower to /Users/Stephenie/.npm/registry.npmjs.org/bower/.cache.json
71 verbose correctMkdir /Users/Stephenie/.npm correctMkdir not in flight; initializing
72 silly addNameTag next cb for to with tag latest
73 silly addNamed to@0.2.9
74 verbose addNamed "0.2.9" is a plain semver version for to
75 silly addNameTag next cb for bower with tag latest
76 silly addNamed bower@1.8.0
77 verbose addNamed "1.8.0" is a plain semver version for bower
78 warn deprecated bower@1.8.0: ..psst! While Bower is maintained, we recommend Yarn and Webpack for *new* front-end projects! Yarn's advantage is security and reliability, and Webpack's is support for both CommonJS and AMD projects. Currently there's no migration path but we hope you'll help us figure out one.
79 silly mapToRegistry name bower
80 silly mapToRegistry using default registry
81 silly mapToRegistry registry https://registry.npmjs.org/
82 silly mapToRegistry data Result {
82 silly mapToRegistry   raw: 'bower',
82 silly mapToRegistry   scope: null,
82 silly mapToRegistry   name: 'bower',
82 silly mapToRegistry   rawSpec: '',
82 silly mapToRegistry   spec: 'latest',
82 silly mapToRegistry   type: 'tag' }
83 silly mapToRegistry uri https://registry.npmjs.org/bower
84 verbose addRemoteTarball https://registry.npmjs.org/bower/-/bower-1.8.0.tgz not in flight; adding
85 verbose addRemoteTarball [ 'https://registry.npmjs.org/bower/-/bower-1.8.0.tgz',
85 verbose addRemoteTarball   '55dbebef0ad9155382d9e9d3e497c1372345b44a' ]
86 silly cache afterAdd to@0.2.9
87 verbose afterAdd /Users/Stephenie/.npm/to/0.2.9/package/package.json not in flight; writing
88 verbose correctMkdir /Users/Stephenie/.npm correctMkdir not in flight; initializing
89 verbose afterAdd /Users/Stephenie/.npm/to/0.2.9/package/package.json written
90 info retry fetch attempt 1 at 12:45:56 AM
91 info attempt registry request try #1 at 12:45:56 AM
92 http fetch GET https://registry.npmjs.org/bower/-/bower-1.8.0.tgz
93 http 200 https://registry.npmjs.org/update
94 verbose headers { server: 'nginx/1.10.3',
94 verbose headers   'content-type': 'application/json',
94 verbose headers   'last-modified': 'Sat, 15 Apr 2017 21:10:26 GMT',
94 verbose headers   etag: 'W/"58f28c42-14d29"',
94 verbose headers   'content-encoding': 'gzip',
94 verbose headers   'cache-control': 'max-age=300',
94 verbose headers   'content-length': '13183',
94 verbose headers   'accept-ranges': 'bytes',
94 verbose headers   date: 'Mon, 12 Jun 2017 19:15:56 GMT',
94 verbose headers   via: '1.1 varnish',
94 verbose headers   age: '0',
94 verbose headers   connection: 'keep-alive',
94 verbose headers   'x-served-by': 'cache-sin18021-SIN',
94 verbose headers   'x-cache': 'MISS',
94 verbose headers   'x-cache-hits': '0',
94 verbose headers   'x-timer': 'S1497294957.590664,VS0,VE139',
94 verbose headers   vary: 'Accept-Encoding' }
95 silly get cb [ 200,
95 silly get   { server: 'nginx/1.10.3',
95 silly get     'content-type': 'application/json',
95 silly get     'last-modified': 'Sat, 15 Apr 2017 21:10:26 GMT',
95 silly get     etag: 'W/"58f28c42-14d29"',
95 silly get     'content-encoding': 'gzip',
95 silly get     'cache-control': 'max-age=300',
95 silly get     'content-length': '13183',
95 silly get     'accept-ranges': 'bytes',
95 silly get     date: 'Mon, 12 Jun 2017 19:15:56 GMT',
95 silly get     via: '1.1 varnish',
95 silly get     age: '0',
95 silly get     connection: 'keep-alive',
95 silly get     'x-served-by': 'cache-sin18021-SIN',
95 silly get     'x-cache': 'MISS',
95 silly get     'x-cache-hits': '0',
95 silly get     'x-timer': 'S1497294957.590664,VS0,VE139',
95 silly get     vary: 'Accept-Encoding' } ]
96 verbose get saving update to /Users/Stephenie/.npm/registry.npmjs.org/update/.cache.json
97 verbose correctMkdir /Users/Stephenie/.npm correctMkdir not in flight; initializing
98 silly addNameTag next cb for update with tag latest
99 silly addNamed update@0.7.4
100 verbose addNamed "0.7.4" is a plain semver version for update
101 http fetch 200 https://registry.npmjs.org/bower/-/bower-1.8.0.tgz
102 silly cache afterAdd update@0.7.4
103 verbose afterAdd /Users/Stephenie/.npm/update/0.7.4/package/package.json not in flight; writing
104 verbose correctMkdir /Users/Stephenie/.npm correctMkdir not in flight; initializing
105 verbose afterAdd /Users/Stephenie/.npm/update/0.7.4/package/package.json written
106 silly fetchAndShaCheck shasum 55dbebef0ad9155382d9e9d3e497c1372345b44a
107 verbose addTmpTarball /var/folders/3b/88r1rcp54pvcbzxn4264_h640000gn/T/npm-35833-f5e3a199/registry.npmjs.org/bower/-/bower-1.8.0.tgz not in flight; adding
108 verbose addTmpTarball already have metadata; skipping unpack for bower@1.8.0
109 verbose correctMkdir /Users/Stephenie/.npm correctMkdir not in flight; initializing
110 verbose stack Error: EACCES: permission denied, mkdir '/Users/Stephenie/.npm/bower/1.8.0'
110 verbose stack     at Error (native)
111 verbose cwd /Users/Stephenie/WebstormProjects/UI
112 error Darwin 16.4.0
113 error argv "/usr/local/bin/node" "/usr/local/bin/npm" "i" "-g" "bower" "to" "update"
114 error node v4.4.7
115 error npm  v2.15.8
116 error path /Users/Stephenie/.npm/bower/1.8.0
117 error code EACCES
118 error errno -13
119 error syscall mkdir
120 error Error: EACCES: permission denied, mkdir '/Users/Stephenie/.npm/bower/1.8.0'
120 error     at Error (native)
120 error  { [Error: EACCES: permission denied, mkdir '/Users/Stephenie/.npm/bower/1.8.0']
120 error   errno: -13,
120 error   code: 'EACCES',
120 error   syscall: 'mkdir',
120 error   path: '/Users/Stephenie/.npm/bower/1.8.0' }
121 error Please try running this command again as root/Administrator.
122 verbose exit [ -13, true ]
